###############################################################################
#                                                                             #
# IAR ANSI C/C++ Compiler V6.60.1.5097/W32 for ARM      12/Aug/2013  10:36:22 #
# Copyright 1999-2013 IAR Systems AB.                                         #
#                                                                             #
#    Cpu mode     =  thumb                                                    #
#    Endian       =  little                                                   #
#    Source file  =  E:\STM32F05x\STM32F0-DISCOVERY\Project\src\EvalTest\main #
#                    .c                                                       #
#    Command line =  E:\STM32F05x\STM32F0-DISCOVERY\Project\src\EvalTest\main #
#                    .c -D VECT_TAB_FLASH -lcN E:\STM32F05x\STM32F0-DISCOVERY #
#                    \Project\Flash\List\ -o E:\STM32F05x\STM32F0-DISCOVERY\P #
#                    roject\Flash\Obj\ --no_cse --no_unroll --no_inline       #
#                    --no_code_motion --no_tbaa --no_clustering               #
#                    --no_scheduling --debug --endian=little --cpu=Cortex-M0  #
#                    -e --fpu=None --dlib_config                              #
#                    D:\IAR\arm\INC\c\DLib_Config_Normal.h --preinclude       #
#                    stm32f0xx_conf.h -I E:\STM32F05x\STM32F0-DISCOVERY\Proje #
#                    ct\ -I E:\STM32F05x\STM32F0-DISCOVERY\Project\src\EvalTe #
#                    st\ -I E:\STM32F05x\STM32F0-DISCOVERY\Project\..\Librari #
#                    es\STM32F0xx_StdPeriph_Driver\inc\ -I                    #
#                    E:\STM32F05x\STM32F0-DISCOVERY\Project\..\Libraries\CMSI #
#                    S\Device\ST\STM32F0xx\Include\ -I                        #
#                    E:\STM32F05x\STM32F0-DISCOVERY\Project\..\Libraries\CMSI #
#                    S\Include\ -Ol --use_c++_inline -I                       #
#                    D:\IAR\arm\CMSIS\Include\                                #
#    List file    =  E:\STM32F05x\STM32F0-DISCOVERY\Project\Flash\List\main.l #
#                    st                                                       #
#    Object file  =  E:\STM32F05x\STM32F0-DISCOVERY\Project\Flash\Obj\main.o  #
#                                                                             #
#                                                                             #
###############################################################################

E:\STM32F05x\STM32F0-DISCOVERY\Project\src\EvalTest\main.c
      1          /******************** (C) COPYRIGHT 2012 STMicroelectronics ********************
      2          * File Name          : main.c
      3          * Author             : MCD Tools development Team
      4          * Date First Issued  : January 2012
      5          * Description        : This code is used for MB1034 board test
      6          ********************************************************************************
      7          * History:
      8          **
      9          *
     10          ********************************************************************************/
     11          
     12          /* Includes ------------------------------------------------------------------*/
     13          #include "main.h"
     14          #include "stm32f0xx_conf.h"
     15          
     16          
     17          /* Private typedef -----------------------------------------------------------*/
     18          
     19          #define TEST_LSE_no
     20          
     21          
     22          // LEDs definition: LD3~LD4
     23          #define  GPIO_LED_LD3   GPIO_Pin_9
     24          #define  GPIO_LED_LD4   GPIO_Pin_8
     25          
     26          uint32_t TickValue=0;
     27          void Init_GPIO(void)
     28          {
     29            GPIO_InitTypeDef GPIO_InitStructure;
     30            
     31            // Enable GPIOA, GPIOC clocks
     32            RCC_AHBPeriphClockCmd(RCC_AHBPeriph_GPIOA | RCC_AHBPeriph_GPIOC, ENABLE);
     33            GPIO_InitStructure.GPIO_Pin = GPIO_Pin_8 | GPIO_Pin_9;
     34            GPIO_InitStructure.GPIO_Speed = GPIO_Speed_10MHz;
     35            GPIO_InitStructure.GPIO_Mode = GPIO_Mode_OUT;
     36            GPIO_InitStructure.GPIO_OType = GPIO_OType_PP;  
     37            GPIO_Init(GPIOC, &GPIO_InitStructure);
     38             
     39          
     40            // Init User/Wakeup button B1
     41            GPIO_InitStructure.GPIO_Pin = GPIO_Pin_0 ;
     42            GPIO_InitStructure.GPIO_Mode = GPIO_Mode_AF;
     43            GPIO_InitStructure.GPIO_Speed =GPIO_Speed_Level_2;
     44            GPIO_InitStructure.GPIO_PuPd = GPIO_PuPd_DOWN;
     45            GPIO_Init(GPIOA, &GPIO_InitStructure);
     46          }
     47          void TimingDelay_Decrement(void)
     48          {
     49              TickValue--;  
     50          }
     51          
     52          
     53          //------------------------------------------------------------------------------
     54          // Function Name : delay
     55          // Description   : delay for some time in counts(rough)
     56          // Input         : counts is how many counts of time to delay
     57          //------------------------------------------------------------------------------
     58          void delay(uint32_t counts)
     59          {
     60            while(counts-- != 0)
     61              ;
     62          }
     63           void EXTI_Configuration(void)
     64           {
     65            EXTI_DeInit();
     66            EXTI_InitTypeDef   EXTI_InitStructure;
     67            SYSCFG_EXTILineConfig(EXTI_PortSourceGPIOA,EXTI_PinSource0);
     68            EXTI_InitStructure.EXTI_Line = EXTI_Line0;
     69            EXTI_InitStructure.EXTI_Mode = EXTI_Mode_Interrupt ;//Interrupt is level  Event is trigger signal
     70            EXTI_InitStructure.EXTI_Trigger = EXTI_Trigger_Rising;
     71            EXTI_InitStructure.EXTI_LineCmd = ENABLE;
     72            EXTI_Init(&EXTI_InitStructure);
     73            //EXTI_GenerateSWInterrupt(EXTI_Line0); 
     74           }
     75          void NVIC_Configuration(void)
     76          {
     77            NVIC_SetPriority (EXTI0_1_IRQn , (1<<__NVIC_PRIO_BITS) - 1);//Set the interrupt priority level
     78          
     79            NVIC_InitTypeDef NVIC_InitStructure;  
     80            NVIC_InitStructure.NVIC_IRQChannel = EXTI0_1_IRQn;/*!< Specifies the IRQ channel to be enabled or disabled.
     81                                                      This parameter can be a value of @ref IRQn_Type 
     82                                                      (For the complete STM32 Devices IRQ Channels list, 
     83                                                      please refer to stm32f0xx.h file) */
     84            NVIC_InitStructure.NVIC_IRQChannelPriority = 0x00;
     85            NVIC_InitStructure.NVIC_IRQChannelCmd = ENABLE;
     86            NVIC_Init(&NVIC_InitStructure);
     87          }
     88          void RCC_Configuration(void)
     89          {
     90             RCC_PLLConfig(RCC_PLLSource_HSI_Div2, RCC_PLLMul_16);
     91            // Enable PLL
     92            RCC_PLLCmd(ENABLE);
     93            while(RCC_GetFlagStatus(RCC_FLAG_PLLRDY) == RESET)
     94            {
     95            }
     96          // Select PLL as system clock source
     97            RCC_SYSCLKConfig(RCC_SYSCLKSource_PLLCLK);
     98            while(RCC_GetSYSCLKSource() != 0x08)
     99          {
    100          }
    101            // Enable PWR clock
    102            RCC_APB1PeriphClockCmd(RCC_APB1Periph_PWR, ENABLE);
    103            // Enable access to the backup register, so LSE can be enabled
    104            PWR_BackupAccessCmd(ENABLE);
    105            // RCC_AHBPeriphClockCmd(RCC_AHBPeriph_GPIOA | RCC_AHBPeriph_GPIOC, ENABLE);
    106                 /* SYSCFG Periph clock enable */
    107            RCC_APB2PeriphClockCmd(RCC_APB2Periph_SYSCFG, ENABLE);
    108          }
    109          /*******************************************************************************
    110          * Function Name  : main
    111          * Description    : Main program.
    112          * Input          : None
    113          * Output         : None
    114          * Return         : None
    115          *******************************************************************************/
    116          void Led_Green(void)
    117          {
    118            GPIO_WriteBit(GPIOC, GPIO_Pin_9,Bit_SET );
    119             delay(2000000);
    120             GPIO_ResetBits(GPIOC, GPIO_Pin_9);
    121              delay(2000000);
    122               GPIO_WriteBit(GPIOC, GPIO_Pin_9,Bit_SET );
    123             delay(2000000);
    124             GPIO_ResetBits(GPIOC, GPIO_Pin_9);
    125              delay(2000000);
    126              GPIO_WriteBit(GPIOC, GPIO_Pin_9,Bit_SET );
    127             delay(2000000);
    128             GPIO_ResetBits(GPIOC, GPIO_Pin_9);
    129              delay(2000000);
    130              
    131          }
    132          void Led_Blue()
    133          {
    134            GPIO_WriteBit(GPIOC, GPIO_Pin_8,Bit_SET );
    135             delay(2000000);
    136             GPIO_ResetBits(GPIOC, GPIO_Pin_8);
    137              delay(2000000);
    138               GPIO_WriteBit(GPIOC, GPIO_Pin_8,Bit_SET );
    139             delay(2000000);
    140             GPIO_ResetBits(GPIOC, GPIO_Pin_8);
    141              delay(2000000);
    142              GPIO_WriteBit(GPIOC, GPIO_Pin_8,Bit_SET );
    143             delay(2000000);
    144             GPIO_ResetBits(GPIOC, GPIO_Pin_8);
    145              delay(2000000);}
    146          
    147          void Led_Green_Blue()
    148          {
    149            GPIO_WriteBit(GPIOC, GPIO_Pin_9,Bit_SET );
    150            GPIO_WriteBit(GPIOC, GPIO_Pin_8,Bit_SET );
    151             delay(200000);
    152             GPIO_ResetBits(GPIOC, GPIO_Pin_8);
    153             GPIO_ResetBits(GPIOC, GPIO_Pin_9);
    154          }
    155          int main(void)
    156          {
    157            uint8_t i=0;
    158            #ifdef DEBUG
    159              debug();
    160            #endif 
    161           
    162            Init_GPIO();    
    163            RCC_Configuration();
    164            EXTI_Configuration(); 
    165            NVIC_Configuration();
    166            Led_Green();
    167             while(1)
    168             {
    169               if(GPIO_ReadInputDataBit(GPIOA,GPIO_Pin_0))
    170               {
    171                 delay(200000);
    172                  if(GPIO_ReadInputDataBit(GPIOA,GPIO_Pin_0)&i==0)
    173                  {
    174                    delay(1000000);
    175                   i++;
    176                  GPIO_WriteBit(GPIOC, GPIO_Pin_9,Bit_SET );
    177                  PWR_EnterSleepMode(PWR_SLEEPEntry_WFI);
    178                  GPIO_ResetBits(GPIOC, GPIO_Pin_9);
    179                  }
    180                  else if(GPIO_ReadInputDataBit(GPIOA,GPIO_Pin_0)&i==1)
    181                  {
    182                    delay(1000000);
    183                    i++;
    184                  GPIO_WriteBit(GPIOC, GPIO_Pin_8,Bit_SET );
    185                  delay(1000000);
    186                  PWR_EnterSTOPMode(PWR_Regulator_LowPower, PWR_STOPEntry_WFI);
    187                  RCC_Configuration();//从停机模式下唤醒时钟会变慢，要重新配置时钟。
    188                  GPIO_ResetBits(GPIOC, GPIO_Pin_8);
    189                  }
    190                  else 
    191                  {
    192                   delay(1000000);
    193                   GPIO_WriteBit(GPIOC, GPIO_Pin_9,Bit_SET );
    194                   GPIO_WriteBit(GPIOC, GPIO_Pin_8,Bit_SET );
    195                   delay(10000000);
    196                   PWR_WakeUpPinCmd(PWR_WakeUpPin_1,ENABLE);//  Under the standby must be used
    197                   PWR_EnterSTANDBYMode();//外设不保持原先状态
    198                  }      
    199               }
    200             }
    201            
    202          }
    203          
    204          #ifdef  DEBUG
    205          /*******************************************************************************
    206          * Function Name  : assert_failed
    207          * Description    : Reports the name of the source file and the source line number
    208          *                  where the assert_param error has occurred.
    209          * Input          : - file: pointer to the source file name
    210          *                  - line: assert_param error line source number
    211          * Output         : None
    212          * Return         : None
    213          *******************************************************************************/
    214          void assert_failed(uint8_t* file, uint32_t line)
    215          { 
    216            /* User can add his own implementation to report the file name and line number,
    217               ex: printf("Wrong parameters value: file %s on line %d\r\n", file, line) */
    218          
    219            /* Infinite loop */
    220            while (1)
    221            {
    222          
    223                }
    224          }
    225          #endif
    226          /******************* (C) COPYRIGHT 2010 STMicroelectronics *****END OF FILE****/

   Maximum stack usage in bytes:

   .cstack Function
   ------- --------
      16   EXTI_Configuration
        16   -> EXTI_DeInit
        16   -> EXTI_Init
        16   -> SYSCFG_EXTILineConfig
      16   Init_GPIO
        16   -> GPIO_Init
        16   -> RCC_AHBPeriphClockCmd
       8   Led_Blue
         8   -> GPIO_ResetBits
         8   -> GPIO_WriteBit
         8   -> delay
       8   Led_Green
         8   -> GPIO_ResetBits
         8   -> GPIO_WriteBit
         8   -> delay
       8   Led_Green_Blue
         8   -> GPIO_ResetBits
         8   -> GPIO_WriteBit
         8   -> delay
       8   NVIC_Configuration
         8   -> NVIC_Init
         8   -> NVIC_SetPriority
      20   NVIC_SetPriority
       8   RCC_Configuration
         8   -> PWR_BackupAccessCmd
         8   -> RCC_APB1PeriphClockCmd
         8   -> RCC_APB2PeriphClockCmd
         8   -> RCC_GetFlagStatus
         8   -> RCC_GetSYSCLKSource
         8   -> RCC_PLLCmd
         8   -> RCC_PLLConfig
         8   -> RCC_SYSCLKConfig
       0   TimingDelay_Decrement
       4   delay
       8   main
         8   -> EXTI_Configuration
         8   -> GPIO_ReadInputDataBit
         8   -> GPIO_ResetBits
         8   -> GPIO_WriteBit
         8   -> Init_GPIO
         8   -> Led_Green
         8   -> NVIC_Configuration
         8   -> PWR_EnterSTANDBYMode
         8   -> PWR_EnterSTOPMode
         8   -> PWR_EnterSleepMode
         8   -> PWR_WakeUpPinCmd
         8   -> RCC_Configuration
         8   -> delay


   Section sizes:

   Bytes  Function/Label
   -----  --------------
       4  ??DataTable5
       4  ??DataTable6
       4  ??DataTable6_1
       4  ??DataTable6_2
       4  ??DataTable6_3
       4  ??DataTable6_4
       4  ??DataTable6_5
       4  ??DataTable6_6
      46  EXTI_Configuration
      80  Init_GPIO
     106  Led_Blue
     106  Led_Green
      54  Led_Green_Blue
      36  NVIC_Configuration
     140  NVIC_SetPriority
      68  RCC_Configuration
       4  TickValue
      12  TimingDelay_Decrement
      12  delay
     248  main

 
   4 bytes in section .bss
 940 bytes in section .text
 
 940 bytes of CODE memory
   4 bytes of DATA memory

Errors: none
Warnings: none
